_________________________________________________________________
Layer (type)                 Output Shape              Param #   
=================================================================
flatten_1 (Flatten)          (None, 99)                0         
_________________________________________________________________
dense_1 (Dense)              (None, 79)                7900      
_________________________________________________________________
dense_2 (Dense)              (None, 79)                6320      
_________________________________________________________________
dense_3 (Dense)              (None, 79)                6320      
_________________________________________________________________
dense_4 (Dense)              (None, 79)                6320      
_________________________________________________________________
dense_5 (Dense)              (None, 4)                 320       
=================================================================
Total params: 27,180
Trainable params: 27,180
Non-trainable params: 0
_________________________________________________________________
Model Summary:  None
Function info: fun= bbob_f001_i74_d02: a 2-dimensional single-objective problem (problem 8 of suite "b'bbob'" with name "BBOB suite problem f1 instance 74 in 2D") with dim = 2
Success rate1
n_appl [8. 1. 1. 1.]
Success rate1
n_appl [8. 1. 1. 1.]
Success rate1
n_appl [8. 1. 1. 1.]
Success rate1
n_appl [8. 1. 1. 1.]
Weighted offspring1 [[

array([ 0., nan, nan, nan, nan]), 
array([ 0., nan, nan, nan, nan]), 
array([ 3., 70.95377537,  0.87319168,  0.87319168, 63.60476917]), 
array([ 0., 41.80409451,         nan,         nan, 47.54765628]), 
array([ 1., nan, nan, nan, nan]), 
array([ 0., nan, nan, nan, nan]), 
array([ 0., nan, nan, nan, nan]), 
array([ 0., 27.96481745,  0.87745764,  0.87745764, 63.60903513]), 
array([ 0., 2.32183348,        nan,        nan, 4.46204056]), 
array([ 0., nan, nan, nan, nan])]]

sum of all [72.09074544  0.          0.         70.95377537]



Weighted offspring1 [[array([ 0., nan, nan, nan, nan]), array([ 0., nan, nan, nan, nan]), array([ 3.        , 70.95377537,  0.87319168,  0.87319168, 63.60476917]), array([ 0.        , 41.80409451,         nan,         nan, 47.54765628]), array([ 1., nan, nan, nan, nan]), array([ 0., nan, nan, nan, nan]), array([ 0., nan, nan, nan, nan]), array([ 0.        , 27.96481745,  0.87745764,  0.87745764, 63.60903513]), array([0.        , 2.32183348,        nan,        nan, 4.46204056]), array([ 0., nan, nan, nan, nan])]]
sum of all [0.87745764 0.         0.         0.87319168]
Weighted offspring1 [[array([ 0., nan, nan, nan, nan]), array([ 0., nan, nan, nan, nan]), array([ 3.        , 70.95377537,  0.87319168,  0.87319168, 63.60476917]), array([ 0.        , 41.80409451,         nan,         nan, 47.54765628]), array([ 1., nan, nan, nan, nan]), array([ 0., nan, nan, nan, nan]), array([ 0., nan, nan, nan, nan]), array([ 0.        , 27.96481745,  0.87745764,  0.87745764, 63.60903513]), array([0.        , 2.32183348,        nan,        nan, 4.46204056]), array([ 0., nan, nan, nan, nan])]]
sum of all [0.87745764 0.         0.         0.87319168]
Weighted offspring1 [[array([ 0., nan, nan, nan, nan]), array([ 0., nan, nan, nan, nan]), array([ 3.        , 70.95377537,  0.87319168,  0.87319168, 63.60476917]), array([ 0.        , 41.80409451,         nan,         nan, 47.54765628]), array([ 1., nan, nan, nan, nan]), array([ 0., nan, nan, nan, nan]), array([ 0., nan, nan, nan, nan]), array([ 0.        , 27.96481745,  0.87745764,  0.87745764, 63.60903513]), array([0.        , 2.32183348,        nan,        nan, 4.46204056]), array([ 0., nan, nan, nan, nan])]]
sum of all [115.61873197   0.           0.          63.60476917]
Best offspring1
